
=== Sat Nov 11 10:10:20 2023

Packages were changed.
Update Mode: updateDependencies

The following packages were added:
  com.unity.ai.navigation@1.1.4
The following packages were updated:
  com.unity.2d.animation from version 5.0.6 to 9.0.3
  com.unity.2d.psdimporter from version 4.1.0 to 8.0.2
  com.unity.ads from version 3.7.5 to 4.4.2
  com.unity.analytics from version 3.6.11 to 3.8.1
  com.unity.cinemachine from version 2.6.0 to 2.9.5
  com.unity.collab-proxy from version 1.9.0 to 2.0.5
  com.unity.ide.rider from version 2.0.7 to 3.0.24
  com.unity.ide.visualstudio from version 2.0.11 to 2.0.18
  com.unity.ide.vscode from version 1.2.4 to 1.2.5
  com.unity.purchasing from version 3.2.2 to 4.9.3
  com.unity.test-framework from version 1.1.29 to 1.1.33
  com.unity.timeline from version 1.4.8 to 1.7.4
  com.unity.xr.legacyinputhelpers from version 2.1.8 to 2.1.10
The following packages were removed:
  com.unity.multiplayer-hlapi@1.0.6

=== Tue Mar 19 10:22:14 2024

Packages were changed.
Update Mode: updateDependencies

The following packages were updated:
  com.unity.timeline from version 1.7.4 to 1.7.5
